TN:
SF:app.js
FNF:0
FNH:0
DA:1,4
DA:2,4
DA:3,4
DA:4,4
DA:6,4
DA:8,4
DA:9,4
DA:10,4
DA:12,4
DA:14,4
DA:15,4
DA:21,4
LF:12
LH:12
BRF:0
BRH:0
end_of_record
TN:
SF:controllers\AiController.js
FN:4,(anonymous_0)
FNF:1
FNH:1
FNDA:3,(anonymous_0)
DA:1,4
DA:5,3
DA:6,3
DA:8,3
DA:9,1
DA:12,2
DA:13,1
DA:16,1
DA:32,1
DA:33,1
DA:35,2
DA:40,4
LF:12
LH:12
BRDA:8,0,0,1
BRDA:8,0,1,2
BRDA:8,1,0,3
BRDA:8,1,1,3
BRDA:12,2,0,1
BRDA:12,2,1,1
BRF:6
BRH:6
end_of_record
TN:
SF:controllers\AuthController.js
FN:7,(anonymous_0)
FN:21,(anonymous_1)
FN:53,(anonymous_2)
FNF:3
FNH:2
FNDA:5,(anonymous_0)
FNDA:5,(anonymous_1)
FNDA:0,(anonymous_2)
DA:1,4
DA:2,4
DA:3,4
DA:4,4
DA:8,5
DA:9,5
DA:10,5
DA:12,1
DA:13,1
DA:15,1
DA:17,4
DA:22,5
DA:23,5
DA:25,5
DA:26,4
DA:27,1
DA:29,3
DA:34,3
DA:35,1
DA:37,2
DA:38,2
DA:39,1
DA:41,1
DA:45,1
DA:47,1
DA:49,4
DA:54,0
DA:55,0
DA:57,0
DA:59,0
DA:60,0
DA:62,0
DA:67,0
DA:69,0
DA:70,0
DA:73,0
DA:80,0
DA:85,0
DA:87,0
DA:92,4
LF:40
LH:27
BRDA:25,0,0,1
BRDA:25,0,1,4
BRDA:26,1,0,1
BRDA:26,1,1,3
BRDA:34,2,0,1
BRDA:34,2,1,2
BRDA:38,3,0,1
BRDA:38,3,1,1
BRDA:59,4,0,0
BRDA:59,4,1,0
BRDA:69,5,0,0
BRDA:69,5,1,0
BRF:12
BRH:8
end_of_record
TN:
SF:controllers\BuildController.js
FN:4,(anonymous_0)
FN:23,(anonymous_1)
FN:41,(anonymous_2)
FN:59,(anonymous_3)
FN:76,(anonymous_4)
FN:97,(anonymous_5)
FN:114,(anonymous_6)
FNF:7
FNH:7
FNDA:1,(anonymous_0)
FNDA:1,(anonymous_1)
FNDA:4,(anonymous_2)
FNDA:2,(anonymous_3)
FNDA:3,(anonymous_4)
FNDA:2,(anonymous_5)
FNDA:1,(anonymous_6)
DA:1,4
DA:5,1
DA:6,1
DA:8,1
DA:17,1
DA:19,0
DA:24,1
DA:25,1
DA:27,1
DA:35,1
DA:37,0
DA:42,4
DA:43,4
DA:44,4
DA:46,4
DA:47,1
DA:53,3
DA:54,1
DA:57,2
DA:59,2
DA:64,1
DA:66,1
DA:70,1
DA:72,3
DA:77,3
DA:78,3
DA:79,3
DA:81,3
DA:82,1
DA:88,2
DA:89,1
DA:92,1
DA:94,1
DA:96,1
DA:97,2
DA:102,1
DA:104,1
DA:108,1
DA:110,2
DA:115,1
DA:116,1
DA:117,1
DA:119,1
DA:120,1
DA:122,0
DA:127,4
LF:46
LH:43
BRDA:46,0,0,1
BRDA:46,0,1,3
BRDA:46,1,0,4
BRDA:46,1,1,3
BRDA:53,2,0,1
BRDA:53,2,1,2
BRDA:81,3,0,1
BRDA:81,3,1,2
BRDA:81,4,0,3
BRDA:81,4,1,2
BRDA:88,5,0,1
BRDA:88,5,1,1
BRF:12
BRH:12
end_of_record
TN:
SF:controllers\CharacterController.js
FN:5,(anonymous_0)
FN:17,(anonymous_1)
FN:24,(anonymous_2)
FN:31,(anonymous_3)
FN:38,(anonymous_4)
FN:48,(anonymous_5)
FNF:6
FNH:6
FNDA:5,(anonymous_0)
FNDA:92,(anonymous_1)
FNDA:92,(anonymous_2)
FNDA:92,(anonymous_3)
FNDA:92,(anonymous_4)
FNDA:2,(anonymous_5)
DA:1,4
DA:2,4
DA:6,5
DA:7,5
DA:9,5
DA:13,5
DA:15,5
DA:16,1
DA:18,92
DA:22,5
DA:23,1
DA:25,92
DA:29,5
DA:30,1
DA:32,92
DA:36,5
DA:37,1
DA:38,92
DA:42,5
DA:44,0
DA:49,2
DA:50,2
DA:51,2
DA:55,1
DA:57,1
DA:58,1
DA:60,0
DA:66,4
LF:28
LH:26
BRDA:15,0,0,1
BRDA:15,0,1,4
BRDA:22,1,0,1
BRDA:22,1,1,4
BRDA:29,2,0,1
BRDA:29,2,1,4
BRDA:36,3,0,1
BRDA:36,3,1,4
BRDA:57,4,0,1
BRDA:57,4,1,0
BRF:10
BRH:9
end_of_record
TN:
SF:helpers\bcrypt.js
FN:3,(anonymous_0)
FN:9,(anonymous_1)
FNF:2
FNH:2
FNDA:8,(anonymous_0)
FNDA:2,(anonymous_1)
DA:1,4
DA:3,4
DA:4,8
DA:5,8
DA:6,8
DA:9,4
DA:10,2
DA:13,4
LF:8
LH:8
BRF:0
BRH:0
end_of_record
TN:
SF:helpers\gemini.js
FN:5,(anonymous_0)
FN:13,(anonymous_1)
FNF:2
FNH:2
FNDA:1,(anonymous_0)
FNDA:1,(anonymous_1)
DA:1,4
DA:3,4
DA:5,4
DA:6,1
DA:10,1
DA:13,4
DA:14,1
DA:15,1
DA:16,1
DA:19,4
LF:10
LH:10
BRF:0
BRH:0
end_of_record
TN:
SF:helpers\jwt.js
FN:3,(anonymous_0)
FN:7,(anonymous_1)
FNF:2
FNH:2
FNDA:6,(anonymous_0)
FNDA:18,(anonymous_1)
DA:1,4
DA:3,4
DA:4,6
DA:7,4
DA:8,18
DA:11,4
LF:6
LH:6
BRF:0
BRH:0
end_of_record
TN:
SF:middlewares\authentication.js
FN:4,(anonymous_0)
FNF:1
FNH:1
FNDA:24,(anonymous_0)
DA:1,4
DA:2,4
DA:4,4
DA:5,24
DA:6,24
DA:8,24
DA:9,6
DA:12,18
DA:13,18
DA:14,18
DA:16,18
DA:17,0
DA:20,18
DA:22,18
DA:23,18
DA:24,0
DA:27,18
DA:32,18
DA:34,6
DA:38,4
LF:20
LH:18
BRDA:8,0,0,6
BRDA:8,0,1,18
BRDA:16,1,0,0
BRDA:16,1,1,18
BRDA:16,2,0,18
BRDA:16,2,1,18
BRDA:23,3,0,0
BRDA:23,3,1,18
BRF:8
BRH:6
end_of_record
TN:
SF:middlewares\authorization.js
FN:3,(anonymous_0)
FNF:1
FNH:1
FNDA:10,(anonymous_0)
DA:1,4
DA:3,4
DA:4,10
DA:5,10
DA:6,10
DA:8,10
DA:10,10
DA:11,2
DA:14,8
DA:15,3
DA:20,5
DA:22,5
DA:26,4
LF:13
LH:13
BRDA:10,0,0,2
BRDA:10,0,1,8
BRDA:14,1,0,3
BRDA:14,1,1,5
BRF:4
BRH:4
end_of_record
TN:
SF:middlewares\errorHandler.js
FN:1,(anonymous_0)
FNF:1
FNH:1
FNDA:27,(anonymous_0)
DA:1,4
DA:2,27
DA:4,27
DA:6,27
DA:8,4
DA:9,4
DA:11,1
DA:12,1
DA:14,0
DA:15,0
DA:17,8
DA:18,8
DA:20,8
DA:21,8
DA:23,3
DA:24,3
DA:26,3
DA:27,3
DA:29,0
DA:30,0
DA:34,4
LF:21
LH:17
BRDA:6,0,0,4
BRDA:6,0,1,1
BRDA:6,0,2,0
BRDA:6,0,3,8
BRDA:6,0,4,8
BRDA:6,0,5,3
BRDA:6,0,6,3
BRDA:6,0,7,0
BRF:8
BRH:6
end_of_record
TN:
SF:models\build.js
FN:3,(anonymous_0)
FN:10,(anonymous_1)
FNF:2
FNH:2
FNDA:4,(anonymous_0)
FNDA:4,(anonymous_1)
DA:2,4
DA:3,4
DA:12,4
DA:13,4
DA:16,4
DA:39,4
LF:6
LH:6
BRF:0
BRH:0
end_of_record
TN:
SF:models\buildcharacter.js
FN:3,(anonymous_0)
FN:10,(anonymous_1)
FNF:2
FNH:2
FNDA:4,(anonymous_0)
FNDA:4,(anonymous_1)
DA:2,4
DA:3,4
DA:12,4
DA:15,4
DA:35,4
LF:5
LH:5
BRF:0
BRH:0
end_of_record
TN:
SF:models\index.js
FN:21,(anonymous_0)
FN:29,(anonymous_1)
FN:34,(anonymous_2)
FNF:3
FNH:3
FNDA:16,(anonymous_0)
FNDA:12,(anonymous_1)
FNDA:12,(anonymous_2)
DA:3,4
DA:4,4
DA:5,4
DA:6,4
DA:7,4
DA:8,4
DA:9,4
DA:10,4
DA:13,4
DA:14,0
DA:16,4
DA:19,4
DA:22,16
DA:30,12
DA:31,12
DA:34,4
DA:35,12
DA:36,12
DA:40,4
DA:41,4
DA:43,4
LF:21
LH:20
BRDA:8,0,0,4
BRDA:8,0,1,0
BRDA:13,1,0,0
BRDA:13,1,1,4
BRDA:23,2,0,16
BRDA:23,2,1,16
BRDA:23,2,2,12
BRDA:23,2,3,12
BRDA:35,3,0,12
BRDA:35,3,1,0
BRF:10
BRH:7
end_of_record
TN:
SF:models\traveler.js
FN:4,(anonymous_0)
FN:11,(anonymous_1)
FN:43,(anonymous_2)
FNF:3
FNH:3
FNDA:4,(anonymous_0)
FNDA:4,(anonymous_1)
FNDA:8,(anonymous_2)
DA:2,4
DA:3,4
DA:4,4
DA:13,4
DA:16,4
DA:43,4
DA:44,8
DA:47,4
LF:8
LH:8
BRF:0
BRH:0
end_of_record
TN:
SF:routers\aiRouter.js
FNF:0
FNH:0
DA:1,4
DA:2,4
DA:4,4
DA:6,4
LF:4
LH:4
BRF:0
BRH:0
end_of_record
TN:
SF:routers\authRouter.js
FNF:0
FNH:0
DA:1,4
DA:2,4
DA:4,4
DA:5,4
DA:6,4
DA:8,4
LF:6
LH:6
BRF:0
BRH:0
end_of_record
TN:
SF:routers\buildRouter.js
FNF:0
FNH:0
DA:1,4
DA:2,4
DA:3,4
DA:5,4
DA:6,4
DA:8,4
DA:9,4
DA:10,4
DA:12,4
LF:9
LH:9
BRF:0
BRH:0
end_of_record
TN:
SF:routers\characterRouter.js
FNF:0
FNH:0
DA:1,4
DA:2,4
DA:4,4
DA:5,4
DA:7,4
LF:5
LH:5
BRF:0
BRH:0
end_of_record
TN:
SF:routers\index.js
FN:7,(anonymous_0)
FNF:1
FNH:0
FNDA:0,(anonymous_0)
DA:1,4
DA:2,4
DA:3,4
DA:4,4
DA:5,4
DA:7,4
DA:8,0
DA:11,4
DA:12,4
DA:14,4
DA:15,4
DA:17,4
DA:18,4
DA:20,4
LF:14
LH:13
BRF:0
BRH:0
end_of_record
